<?xml version="1.0" encoding="UTF-8"?>
<!-- Generated by org.testng.reporters.JUnitReportReporter -->
<testsuite hostname="NhatAnh" failures="0" tests="6" name="integrationTest.UserTest" time="1.713" errors="0" timestamp="2023-02-16T15:37:44 ICT" skipped="0">
  <testcase classname="integrationTest.UserTest" name="sendRegistrationRequest" time="1.096"/>
  <system-out/>
  <testcase classname="integrationTest.UserTest" name="sendChangePasswordRequestSuccessful" time="0.213"/>
  <system-out/>
  <testcase classname="integrationTest.UserTest" name="getJwtTokenFailed" time="0.110"/>
  <system-out/>
  <testcase classname="integrationTest.UserTest" name="getJwtTokenSuccessful" time="0.158"/>
  <system-out/>
  <testcase classname="integrationTest.UserTest" name="getUserRequest" time="0.016"/>
  <system-out/>
  <testcase classname="integrationTest.UserTest" name="sendChangePasswordRequestFailed" time="0.120"/>
  <system-out/>
</testsuite> <!-- integrationTest.UserTest -->
