<?xml version="1.0" encoding="UTF-8"?>
<!-- Generated by org.testng.reporters.JUnitReportReporter -->
<testsuite hostname="NhatAnh" failures="0" tests="4" name="unitTest.UserTest" time="0.082" errors="0" timestamp="2023-02-16T15:37:44 ICT" skipped="0">
  <testcase classname="unitTest.UserTest" name="RegisterTestSuccessful" time="0.006"/>
  <system-out/>
  <testcase classname="unitTest.UserTest" name="changePasswordTestFailed" time="0.008"/>
  <system-out/>
  <testcase classname="unitTest.UserTest" name="RegisterTestFailed" time="0.063"/>
  <system-out/>
  <testcase classname="unitTest.UserTest" name="changePasswordTestSuccessful" time="0.005"/>
  <system-out/>
</testsuite> <!-- unitTest.UserTest -->
